  [1m[35m (254.1ms)[0m  [1m[35mCREATE DATABASE "MusicApp_development" ENCODING = 'unicode'[0m
  ↳ bin/rails:9
  [1m[35m (265.6ms)[0m  [1m[35mCREATE DATABASE "MusicApp_test" ENCODING = 'unicode'[0m
  ↳ bin/rails:9
  [1m[35m (5.0ms)[0m  [1m[35mCREATE TABLE "schema_migrations" ("version" character varying NOT NULL PRIMARY KEY)[0m
  ↳ bin/rails:9
  [1m[35m (3.1ms)[0m  [1m[35mCREATE TABLE "ar_internal_metadata" ("key" character varying NOT NULL PRIMARY KEY, "value" character varying, "created_at" timestamp NOT NULL, "updated_at" timestamp NOT NULL)[0m
  ↳ bin/rails:9
  [1m[35m (0.2ms)[0m  [1m[34mSELECT pg_try_advisory_lock(1555902080779534005)[0m
  ↳ bin/rails:9
  [1m[35m (0.5ms)[0m  [1m[34mSELECT "schema_migrations"."version" FROM "schema_migrations" ORDER BY "schema_migrations"."version" ASC[0m
  ↳ bin/rails:9
Migrating to CreateUsers (20180913170836)
  [1m[35m (0.1ms)[0m  [1m[35mBEGIN[0m
  ↳ bin/rails:9
  [1m[35m (3.8ms)[0m  [1m[35mCREATE TABLE "users" ("id" bigserial primary key, "email" character varying NOT NULL, "password_digest" character varying NOT NULL, "session_token" character varying NOT NULL)[0m
  ↳ db/migrate/20180913170836_create_users.rb:3
  [1m[35m (0.8ms)[0m  [1m[35mCREATE UNIQUE INDEX  "index_users_on_email" ON "users"  ("email")[0m
  ↳ db/migrate/20180913170836_create_users.rb:8
  [1m[35m (0.8ms)[0m  [1m[35mCREATE UNIQUE INDEX  "index_users_on_session_token" ON "users"  ("session_token")[0m
  ↳ db/migrate/20180913170836_create_users.rb:9
  [1m[36mActiveRecord::SchemaMigration Create (0.5ms)[0m  [1m[32mINSERT INTO "schema_migrations" ("version") VALUES ($1) RETURNING "version"[0m  [["version", "20180913170836"]]
  ↳ bin/rails:9
  [1m[35m (0.3ms)[0m  [1m[35mCOMMIT[0m
  ↳ bin/rails:9
  [1m[36mActiveRecord::InternalMetadata Load (0.3ms)[0m  [1m[34mSELECT  "ar_internal_metadata".* FROM "ar_internal_metadata" WHERE "ar_internal_metadata"."key" = $1 LIMIT $2[0m  [["key", "environment"], ["LIMIT", 1]]
  ↳ bin/rails:9
  [1m[35m (0.1ms)[0m  [1m[35mBEGIN[0m
  ↳ bin/rails:9
  [1m[36mActiveRecord::InternalMetadata Create (0.4ms)[0m  [1m[32mINSERT INTO "ar_internal_metadata" ("key", "value", "created_at", "updated_at") VALUES ($1, $2, $3, $4) RETURNING "key"[0m  [["key", "environment"], ["value", "development"], ["created_at", "2018-09-13 17:10:05.149008"], ["updated_at", "2018-09-13 17:10:05.149008"]]
  ↳ bin/rails:9
  [1m[35m (0.2ms)[0m  [1m[35mCOMMIT[0m
  ↳ bin/rails:9
  [1m[35m (0.2ms)[0m  [1m[34mSELECT pg_advisory_unlock(1555902080779534005)[0m
  ↳ bin/rails:9
  [1m[35m (0.2ms)[0m  [1m[34mSELECT "schema_migrations"."version" FROM "schema_migrations" ORDER BY "schema_migrations"."version" ASC[0m
  ↳ bin/rails:9
  [1m[35m (0.1ms)[0m  [1m[35mBEGIN[0m
  [1m[36mUser Exists (0.7ms)[0m  [1m[34mSELECT  1 AS one FROM "users" WHERE "users"."email" IS NULL LIMIT $1[0m  [["LIMIT", 1]]
  [1m[35m (0.2ms)[0m  [1m[31mROLLBACK[0m
  [1m[35m (0.2ms)[0m  [1m[35mBEGIN[0m
  [1m[36mUser Exists (0.4ms)[0m  [1m[34mSELECT  1 AS one FROM "users" WHERE "users"."email" IS NULL LIMIT $1[0m  [["LIMIT", 1]]
  [1m[35m (0.2ms)[0m  [1m[31mROLLBACK[0m
  [1m[35m (0.2ms)[0m  [1m[35mBEGIN[0m
  [1m[36mUser Exists (0.3ms)[0m  [1m[34mSELECT  1 AS one FROM "users" WHERE "users"."email" IS NULL LIMIT $1[0m  [["LIMIT", 1]]
  [1m[35m (0.2ms)[0m  [1m[31mROLLBACK[0m
Started GET "/" for 127.0.0.1 at 2018-09-13 11:25:26 -0700
  [1m[35m (0.7ms)[0m  [1m[34mSELECT "schema_migrations"."version" FROM "schema_migrations" ORDER BY "schema_migrations"."version" ASC[0m
  ↳ /Users/tylerallen/.rbenv/versions/2.3.1/lib/ruby/gems/2.3.0/gems/activerecord-5.2.1/lib/active_record/log_subscriber.rb:98
Processing by Rails::WelcomeController#index as HTML
  Rendering /Users/tylerallen/.rbenv/versions/2.3.1/lib/ruby/gems/2.3.0/gems/railties-5.2.1/lib/rails/templates/rails/welcome/index.html.erb
  Rendered /Users/tylerallen/.rbenv/versions/2.3.1/lib/ruby/gems/2.3.0/gems/railties-5.2.1/lib/rails/templates/rails/welcome/index.html.erb (4.0ms)
Completed 200 OK in 21ms (Views: 10.7ms | ActiveRecord: 0.0ms)


Started GET "/users" for 127.0.0.1 at 2018-09-13 11:25:30 -0700
  
ActionController::RoutingError (No route matches [GET] "/users"):
  
actionpack (5.2.1) lib/action_dispatch/middleware/debug_exceptions.rb:65:in `call'
web-console (3.7.0) lib/web_console/middleware.rb:135:in `call_app'
web-console (3.7.0) lib/web_console/middleware.rb:30:in `block in call'
web-console (3.7.0) lib/web_console/middleware.rb:20:in `catch'
web-console (3.7.0) lib/web_console/middleware.rb:20:in `call'
actionpack (5.2.1) lib/action_dispatch/middleware/show_exceptions.rb:33:in `call'
railties (5.2.1) lib/rails/rack/logger.rb:38:in `call_app'
railties (5.2.1) lib/rails/rack/logger.rb:26:in `block in call'
activesupport (5.2.1) lib/active_support/tagged_logging.rb:71:in `block in tagged'
activesupport (5.2.1) lib/active_support/tagged_logging.rb:28:in `tagged'
activesupport (5.2.1) lib/active_support/tagged_logging.rb:71:in `tagged'
railties (5.2.1) lib/rails/rack/logger.rb:26:in `call'
sprockets-rails (3.2.1) lib/sprockets/rails/quiet_assets.rb:13:in `call'
actionpack (5.2.1) lib/action_dispatch/middleware/remote_ip.rb:81:in `call'
actionpack (5.2.1) lib/action_dispatch/middleware/request_id.rb:27:in `call'
rack (2.0.5) lib/rack/method_override.rb:22:in `call'
rack (2.0.5) lib/rack/runtime.rb:22:in `call'
activesupport (5.2.1) lib/active_support/cache/strategy/local_cache_middleware.rb:29:in `call'
actionpack (5.2.1) lib/action_dispatch/middleware/executor.rb:14:in `call'
actionpack (5.2.1) lib/action_dispatch/middleware/static.rb:127:in `call'
rack (2.0.5) lib/rack/sendfile.rb:111:in `call'
railties (5.2.1) lib/rails/engine.rb:524:in `call'
puma (3.12.0) lib/puma/configuration.rb:225:in `call'
puma (3.12.0) lib/puma/server.rb:658:in `handle_request'
puma (3.12.0) lib/puma/server.rb:472:in `process_client'
puma (3.12.0) lib/puma/server.rb:332:in `block in run'
puma (3.12.0) lib/puma/thread_pool.rb:133:in `block in spawn_thread'
Started GET "/users/new" for 127.0.0.1 at 2018-09-13 11:25:39 -0700
Processing by UsersController#new as HTML
Completed 500 Internal Server Error in 17ms (ActiveRecord: 8.0ms)



ActionView::MissingTemplate - Missing template users/new, application/new with {:locale=>[:en], :formats=>[:html], :variants=>[], :handlers=>[:raw, :erb, :html, :builder, :ruby, :coffee, :jbuilder]}. Searched in:
  * "/Users/tylerallen/Desktop/W4D4/MusicApp/app/views"
:
  app/controllers/users_controller.rb:5:in `new'

Started POST "/__better_errors/6a68e432dbd77a42/variables" for 127.0.0.1 at 2018-09-13 11:25:39 -0700
Started POST "/__better_errors/6a68e432dbd77a42/variables" for 127.0.0.1 at 2018-09-13 11:39:14 -0700
Started GET "/users/new" for 127.0.0.1 at 2018-09-13 11:40:57 -0700
Processing by UsersController#new as HTML
  Rendering users/new.html.erb within layouts/application
  Rendered users/new.html.erb within layouts/application (0.2ms)
Completed 200 OK in 380ms (Views: 367.8ms | ActiveRecord: 7.3ms)


Started GET "/users/new" for 127.0.0.1 at 2018-09-13 11:42:33 -0700
Processing by UsersController#new as HTML
  Rendering users/new.html.erb within layouts/application
  Rendered users/new.html.erb within layouts/application (0.4ms)
Completed 200 OK in 19ms (Views: 18.7ms | ActiveRecord: 0.0ms)


Started GET "/users/new" for 127.0.0.1 at 2018-09-13 11:42:50 -0700
Processing by UsersController#new as HTML
  Rendering users/new.html.erb within layouts/application
  Rendered users/new.html.erb within layouts/application (0.3ms)
Completed 200 OK in 19ms (Views: 18.7ms | ActiveRecord: 0.0ms)


Started GET "/users/new" for 127.0.0.1 at 2018-09-13 11:42:51 -0700
Processing by UsersController#new as HTML
  Rendering users/new.html.erb within layouts/application
  Rendered users/new.html.erb within layouts/application (0.2ms)
Completed 200 OK in 21ms (Views: 20.3ms | ActiveRecord: 0.0ms)


Started GET "/users/new" for 127.0.0.1 at 2018-09-13 11:42:56 -0700
Processing by UsersController#new as HTML
  Rendering users/new.html.erb within layouts/application
  Rendered users/new.html.erb within layouts/application (0.3ms)
Completed 200 OK in 18ms (Views: 17.2ms | ActiveRecord: 0.0ms)


Started GET "/users/new" for 127.0.0.1 at 2018-09-13 11:43:06 -0700
Processing by UsersController#new as HTML
  Rendering users/new.html.erb within layouts/application
  Rendered users/new.html.erb within layouts/application (0.3ms)
Completed 200 OK in 20ms (Views: 19.1ms | ActiveRecord: 0.0ms)


Started GET "/users/new" for 127.0.0.1 at 2018-09-13 11:44:00 -0700
Processing by UsersController#new as HTML
  Rendering users/new.html.erb within layouts/application
  Rendered users/new.html.erb within layouts/application (0.3ms)
Completed 200 OK in 19ms (Views: 18.1ms | ActiveRecord: 0.0ms)


Started GET "/users/new" for 127.0.0.1 at 2018-09-13 11:44:01 -0700
Processing by UsersController#new as HTML
  Rendering users/new.html.erb within layouts/application
  Rendered users/new.html.erb within layouts/application (0.3ms)
Completed 200 OK in 18ms (Views: 17.8ms | ActiveRecord: 0.0ms)


Started GET "/users/new" for 127.0.0.1 at 2018-09-13 11:44:01 -0700
Processing by UsersController#new as HTML
  Rendering users/new.html.erb within layouts/application
  Rendered users/new.html.erb within layouts/application (0.2ms)
Completed 200 OK in 19ms (Views: 18.4ms | ActiveRecord: 0.0ms)


Started GET "/users/new" for 127.0.0.1 at 2018-09-13 11:44:09 -0700
Processing by UsersController#new as HTML
  Rendering users/new.html.erb within layouts/application
  Rendered users/new.html.erb within layouts/application (0.3ms)
Completed 200 OK in 19ms (Views: 18.0ms | ActiveRecord: 0.0ms)


Started GET "/users/new" for 127.0.0.1 at 2018-09-13 11:44:10 -0700
Processing by UsersController#new as HTML
  Rendering users/new.html.erb within layouts/application
  Rendered users/new.html.erb within layouts/application (0.3ms)
Completed 200 OK in 20ms (Views: 19.6ms | ActiveRecord: 0.0ms)


Started GET "/users/new" for 127.0.0.1 at 2018-09-13 11:44:11 -0700
Processing by UsersController#new as HTML
  Rendering users/new.html.erb within layouts/application
  Rendered users/new.html.erb within layouts/application (0.3ms)
Completed 200 OK in 18ms (Views: 17.7ms | ActiveRecord: 0.0ms)


Started GET "/users/new" for 127.0.0.1 at 2018-09-13 11:44:12 -0700
Processing by UsersController#new as HTML
  Rendering users/new.html.erb within layouts/application
  Rendered users/new.html.erb within layouts/application (0.3ms)
Completed 200 OK in 18ms (Views: 17.4ms | ActiveRecord: 0.0ms)


Started GET "/users/new" for 127.0.0.1 at 2018-09-13 11:46:43 -0700
Processing by UsersController#new as HTML
  Rendering users/new.html.erb within layouts/application
  Rendered users/new.html.erb within layouts/application (0.3ms)
Completed 200 OK in 18ms (Views: 17.5ms | ActiveRecord: 0.0ms)


Started GET "/users/new" for 127.0.0.1 at 2018-09-13 11:46:44 -0700
Processing by UsersController#new as HTML
  Rendering users/new.html.erb within layouts/application
  Rendered users/new.html.erb within layouts/application (0.2ms)
Completed 200 OK in 19ms (Views: 18.6ms | ActiveRecord: 0.0ms)


Started GET "/users/new" for 127.0.0.1 at 2018-09-13 11:46:44 -0700
Processing by UsersController#new as HTML
  Rendering users/new.html.erb within layouts/application
  Rendered users/new.html.erb within layouts/application (0.3ms)
Completed 200 OK in 20ms (Views: 19.1ms | ActiveRecord: 0.0ms)


Started GET "/users/new" for 127.0.0.1 at 2018-09-13 11:47:30 -0700
Processing by UsersController#new as HTML
  Rendering users/new.html.erb within layouts/application
  Rendered users/new.html.erb within layouts/application (0.2ms)
Completed 200 OK in 18ms (Views: 17.5ms | ActiveRecord: 0.0ms)


Started GET "/users/new" for 127.0.0.1 at 2018-09-13 11:47:36 -0700
Processing by UsersController#new as HTML
  Rendering users/new.html.erb within layouts/application
  Rendered users/new.html.erb within layouts/application (0.3ms)
Completed 200 OK in 18ms (Views: 17.4ms | ActiveRecord: 0.0ms)


Started GET "/users/new" for 127.0.0.1 at 2018-09-13 11:48:27 -0700
Processing by UsersController#new as HTML
  Rendering users/new.html.erb within layouts/application
  Rendered users/new.html.erb within layouts/application (0.3ms)
Completed 200 OK in 17ms (Views: 16.4ms | ActiveRecord: 0.0ms)


Started GET "/users/new" for 127.0.0.1 at 2018-09-13 11:49:04 -0700
Processing by UsersController#new as HTML
  Rendering users/new.html.erb within layouts/application
  Rendered users/new.html.erb within layouts/application (0.3ms)
Completed 200 OK in 20ms (Views: 19.0ms | ActiveRecord: 0.0ms)


Started GET "/users/new" for 127.0.0.1 at 2018-09-13 11:49:29 -0700
Processing by UsersController#new as HTML
  Rendering users/new.html.erb within layouts/application
  Rendered users/new.html.erb within layouts/application (0.4ms)
Completed 200 OK in 19ms (Views: 18.9ms | ActiveRecord: 0.0ms)


Started GET "/users/new" for 127.0.0.1 at 2018-09-13 11:50:49 -0700
Processing by UsersController#new as HTML
  Rendering users/new.html.erb within layouts/application
  Rendered users/new.html.erb within layouts/application (0.3ms)
Completed 200 OK in 19ms (Views: 18.2ms | ActiveRecord: 0.0ms)


Started GET "/users/new" for 127.0.0.1 at 2018-09-13 11:51:01 -0700
Processing by UsersController#new as HTML
  Rendering users/new.html.erb within layouts/application
  Rendered users/new.html.erb within layouts/application (0.3ms)
Completed 200 OK in 18ms (Views: 18.0ms | ActiveRecord: 0.0ms)


Started GET "/users/new" for 127.0.0.1 at 2018-09-13 11:51:12 -0700
Processing by UsersController#new as HTML
  Rendering users/new.html.erb within layouts/application
  Rendered users/new.html.erb within layouts/application (0.3ms)
Completed 200 OK in 18ms (Views: 18.0ms | ActiveRecord: 0.0ms)


Started GET "/users/new" for 127.0.0.1 at 2018-09-13 11:51:17 -0700
Processing by UsersController#new as HTML
  Rendering users/new.html.erb within layouts/application
  Rendered users/new.html.erb within layouts/application (0.4ms)
Completed 200 OK in 27ms (Views: 26.8ms | ActiveRecord: 0.0ms)


Started GET "/users/new" for 127.0.0.1 at 2018-09-13 11:51:39 -0700
Processing by UsersController#new as HTML
  Rendering users/new.html.erb within layouts/application
  Rendered users/new.html.erb within layouts/application (0.2ms)
Completed 200 OK in 21ms (Views: 20.9ms | ActiveRecord: 0.0ms)


Started GET "/users/new" for 127.0.0.1 at 2018-09-13 11:56:40 -0700
Processing by UsersController#new as HTML
  Rendering users/new.html.erb within layouts/application
  Rendered users/new.html.erb within layouts/application (0.2ms)
Completed 200 OK in 21ms (Views: 20.7ms | ActiveRecord: 0.0ms)


Started GET "/users/new" for 127.0.0.1 at 2018-09-13 11:58:20 -0700
Processing by UsersController#new as HTML
  Rendering users/new.html.erb within layouts/application
  Rendered users/new.html.erb within layouts/application (0.2ms)
Completed 200 OK in 21ms (Views: 20.3ms | ActiveRecord: 0.0ms)


Started GET "/users/new" for 127.0.0.1 at 2018-09-13 11:58:47 -0700
Processing by UsersController#new as HTML
  Rendering users/new.html.erb within layouts/application
  Rendered users/new.html.erb within layouts/application (0.2ms)
Completed 200 OK in 22ms (Views: 21.6ms | ActiveRecord: 0.0ms)


Started GET "/users/new" for 127.0.0.1 at 2018-09-13 11:58:49 -0700
Processing by UsersController#new as HTML
  Rendering users/new.html.erb within layouts/application
  Rendered users/new.html.erb within layouts/application (0.3ms)
Completed 200 OK in 22ms (Views: 21.2ms | ActiveRecord: 0.0ms)


Started GET "/users/new" for 127.0.0.1 at 2018-09-13 11:58:56 -0700
Processing by UsersController#new as HTML
  Rendering users/new.html.erb within layouts/application
  Rendered users/new.html.erb within layouts/application (0.2ms)
Completed 200 OK in 22ms (Views: 21.1ms | ActiveRecord: 0.0ms)


Started GET "/users/new" for 127.0.0.1 at 2018-09-13 11:59:08 -0700
Processing by UsersController#new as HTML
  Rendering users/new.html.erb within layouts/application
  Rendered users/new.html.erb within layouts/application (0.4ms)
Completed 200 OK in 20ms (Views: 19.6ms | ActiveRecord: 0.0ms)


Started GET "/users/new" for 127.0.0.1 at 2018-09-13 11:59:53 -0700
Processing by UsersController#new as HTML
  Rendering users/new.html.erb within layouts/application
  Rendered users/new.html.erb within layouts/application (0.4ms)
Completed 200 OK in 21ms (Views: 19.9ms | ActiveRecord: 0.0ms)


Started GET "/users/new" for 127.0.0.1 at 2018-09-13 12:00:03 -0700
Processing by UsersController#new as HTML
  Rendering users/new.html.erb within layouts/application
  Rendered users/new.html.erb within layouts/application (0.3ms)
Completed 200 OK in 20ms (Views: 19.8ms | ActiveRecord: 0.0ms)


Started GET "/users/new" for 127.0.0.1 at 2018-09-13 12:00:11 -0700
Processing by UsersController#new as HTML
  Rendering users/new.html.erb within layouts/application
  Rendered users/new.html.erb within layouts/application (0.3ms)
Completed 200 OK in 19ms (Views: 18.7ms | ActiveRecord: 0.0ms)


Started GET "/users/new" for 127.0.0.1 at 2018-09-13 12:00:20 -0700
Processing by UsersController#new as HTML
  Rendering users/new.html.erb within layouts/application
  Rendered users/new.html.erb within layouts/application (0.3ms)
Completed 200 OK in 20ms (Views: 19.8ms | ActiveRecord: 0.0ms)


Started GET "/users/new" for 127.0.0.1 at 2018-09-13 12:01:01 -0700
Processing by UsersController#new as HTML
  Rendering users/new.html.erb within layouts/application
  Rendered users/new.html.erb within layouts/application (0.3ms)
Completed 200 OK in 17ms (Views: 16.4ms | ActiveRecord: 0.0ms)


Started GET "/users/new" for 127.0.0.1 at 2018-09-13 12:01:03 -0700
Processing by UsersController#new as HTML
  Rendering users/new.html.erb within layouts/application
  Rendered users/new.html.erb within layouts/application (0.2ms)
Completed 200 OK in 17ms (Views: 16.5ms | ActiveRecord: 0.0ms)


Started GET "/users/new" for 127.0.0.1 at 2018-09-13 12:01:03 -0700
Processing by UsersController#new as HTML
  Rendering users/new.html.erb within layouts/application
  Rendered users/new.html.erb within layouts/application (0.3ms)
Completed 200 OK in 18ms (Views: 17.0ms | ActiveRecord: 0.0ms)


Started GET "/users/new" for 127.0.0.1 at 2018-09-13 12:01:03 -0700
Processing by UsersController#new as HTML
  Rendering users/new.html.erb within layouts/application
  Rendered users/new.html.erb within layouts/application (0.3ms)
Completed 200 OK in 17ms (Views: 16.3ms | ActiveRecord: 0.0ms)


Started GET "/users/new" for 127.0.0.1 at 2018-09-13 12:01:14 -0700
Processing by UsersController#new as HTML
  Rendering users/new.html.erb within layouts/application
  Rendered users/new.html.erb within layouts/application (0.3ms)
Completed 200 OK in 17ms (Views: 16.3ms | ActiveRecord: 0.0ms)


Started GET "/users/new" for 127.0.0.1 at 2018-09-13 12:01:50 -0700
Processing by UsersController#new as HTML
  Rendering users/new.html.erb within layouts/application
  Rendered users/new.html.erb within layouts/application (0.3ms)
Completed 200 OK in 18ms (Views: 17.1ms | ActiveRecord: 0.0ms)


Started GET "/users/new" for 127.0.0.1 at 2018-09-13 12:02:12 -0700
Processing by UsersController#new as HTML
  Rendering users/new.html.erb within layouts/application
  Rendered users/new.html.erb within layouts/application (0.3ms)
Completed 200 OK in 18ms (Views: 17.2ms | ActiveRecord: 0.0ms)


Started GET "/users/new" for 127.0.0.1 at 2018-09-13 12:02:13 -0700
Processing by UsersController#new as HTML
  Rendering users/new.html.erb within layouts/application
  Rendered users/new.html.erb within layouts/application (0.2ms)
Completed 200 OK in 17ms (Views: 16.2ms | ActiveRecord: 0.0ms)


Started GET "/users/new" for 127.0.0.1 at 2018-09-13 12:03:08 -0700
Processing by UsersController#new as HTML
  Rendering users/new.html.erb within layouts/application
  Rendered users/new.html.erb within layouts/application (0.2ms)
Completed 200 OK in 16ms (Views: 16.0ms | ActiveRecord: 0.0ms)


Started GET "/users/new" for 127.0.0.1 at 2018-09-13 12:03:09 -0700
Processing by UsersController#new as HTML
  Rendering users/new.html.erb within layouts/application
  Rendered users/new.html.erb within layouts/application (0.2ms)
Completed 200 OK in 17ms (Views: 16.3ms | ActiveRecord: 0.0ms)


Started GET "/users/new" for 127.0.0.1 at 2018-09-13 12:03:30 -0700
Processing by UsersController#new as HTML
  Rendering users/new.html.erb within layouts/application
  Rendered users/new.html.erb within layouts/application (0.2ms)
Completed 200 OK in 17ms (Views: 16.4ms | ActiveRecord: 0.0ms)


Started GET "/users/new" for 127.0.0.1 at 2018-09-13 12:03:43 -0700
Processing by UsersController#new as HTML
  Rendering users/new.html.erb within layouts/application
  Rendered users/new.html.erb within layouts/application (0.2ms)
Completed 200 OK in 17ms (Views: 16.5ms | ActiveRecord: 0.0ms)


Started GET "/users/new" for 127.0.0.1 at 2018-09-13 12:03:58 -0700
Processing by UsersController#new as HTML
  Rendering users/new.html.erb within layouts/application
  Rendered users/new.html.erb within layouts/application (0.2ms)
Completed 200 OK in 17ms (Views: 16.2ms | ActiveRecord: 0.0ms)


Started GET "/users/new" for 127.0.0.1 at 2018-09-13 12:06:41 -0700
Processing by UsersController#new as HTML
  Rendering users/new.html.erb within layouts/application
  Rendered users/new.html.erb within layouts/application (0.5ms)
Completed 200 OK in 18ms (Views: 17.5ms | ActiveRecord: 0.0ms)


Started GET "/users/new" for 127.0.0.1 at 2018-09-13 12:08:07 -0700
Processing by UsersController#new as HTML
  Rendering users/new.html.erb within layouts/application
  Rendered users/new.html.erb within layouts/application (0.4ms)
Completed 200 OK in 24ms (Views: 24.0ms | ActiveRecord: 0.0ms)


Started GET "/users/new" for 127.0.0.1 at 2018-09-13 12:08:37 -0700
Processing by UsersController#new as HTML
  Rendering users/new.html.erb within layouts/application
  Rendered users/new.html.erb within layouts/application (147.3ms)
Completed 500 Internal Server Error in 153ms (ActiveRecord: 0.0ms)



NoMethodError - undefined method `link_comments_url' for #<#<Class:0x007f82c7616218>:0x007f82cf849988>
Did you mean?  link_to_unless:
  app/views/users/new.html.erb:5:in `_app_views_users_new_html_erb__3483078723413905231_70099902022320'
  app/controllers/users_controller.rb:5:in `new'

Started POST "/__better_errors/1ee0f5ffe8cb8e2a/variables" for 127.0.0.1 at 2018-09-13 12:08:37 -0700
Started GET "/users/new" for 127.0.0.1 at 2018-09-13 12:09:15 -0700
Processing by UsersController#new as HTML
  Rendering users/new.html.erb within layouts/application
  Rendered users/new.html.erb within layouts/application (283.6ms)
Completed 500 Internal Server Error in 289ms (ActiveRecord: 0.0ms)



NameError - undefined local variable or method `auth_token_input' for #<#<Class:0x007f82c7616218>:0x007f82c8659468>:
  app/views/users/new.html.erb:6:in `_app_views_users_new_html_erb__3483078723413905231_70099841290520'
  app/controllers/users_controller.rb:5:in `new'

Started POST "/__better_errors/df9d51ccc00e69f2/variables" for 127.0.0.1 at 2018-09-13 12:09:15 -0700
Started GET "/users/new" for 127.0.0.1 at 2018-09-13 12:09:21 -0700
Processing by UsersController#new as HTML
  Rendering users/new.html.erb within layouts/application
  Rendered users/new.html.erb within layouts/application (0.4ms)
Completed 200 OK in 18ms (Views: 17.0ms | ActiveRecord: 0.0ms)


Started GET "/users/new" for 127.0.0.1 at 2018-09-13 12:10:16 -0700
Processing by UsersController#new as HTML
  Rendering users/new.html.erb within layouts/application
  Rendered users/new.html.erb within layouts/application (0.3ms)
Completed 200 OK in 17ms (Views: 16.9ms | ActiveRecord: 0.0ms)


Started GET "/users/new" for 127.0.0.1 at 2018-09-13 12:10:24 -0700
Processing by UsersController#new as HTML
  Rendering users/new.html.erb within layouts/application
  Rendered users/new.html.erb within layouts/application (0.6ms)
Completed 200 OK in 28ms (Views: 28.0ms | ActiveRecord: 0.0ms)


Started POST "/users" for 127.0.0.1 at 2018-09-13 12:10:35 -0700
Processing by UsersController#create as HTML
  Parameters: {"user"=>{"email"=>"tylerthomasallen@gmail.com", "password"=>"[FILTERED]"}}
Can't verify CSRF token authenticity.
Completed 422 Unprocessable Entity in 1ms (ActiveRecord: 0.0ms)



ActionController::InvalidAuthenticityToken - ActionController::InvalidAuthenticityToken:

Started POST "/__better_errors/e180839118c4ec7b/variables" for 127.0.0.1 at 2018-09-13 12:10:35 -0700
Started POST "/users" for 127.0.0.1 at 2018-09-13 12:13:23 -0700
Processing by UsersController#create as HTML
  Parameters: {"user"=>{"email"=>"tylerthomasallen@gmail.com", "password"=>"[FILTERED]"}}
Can't verify CSRF token authenticity.
Completed 422 Unprocessable Entity in 1ms (ActiveRecord: 0.0ms)



ActionController::InvalidAuthenticityToken - ActionController::InvalidAuthenticityToken:

Started POST "/__better_errors/9636eb21b0de487b/variables" for 127.0.0.1 at 2018-09-13 12:13:23 -0700
Started POST "/users" for 127.0.0.1 at 2018-09-13 12:13:37 -0700
Processing by UsersController#create as HTML
  Parameters: {"user"=>{"email"=>"tylerthomasallen@gmail.com", "password"=>"[FILTERED]"}}
Can't verify CSRF token authenticity.
Completed 422 Unprocessable Entity in 1ms (ActiveRecord: 0.0ms)



ActionController::InvalidAuthenticityToken - ActionController::InvalidAuthenticityToken:

Started POST "/__better_errors/d231be339b07c910/variables" for 127.0.0.1 at 2018-09-13 12:13:37 -0700
Started POST "/users" for 127.0.0.1 at 2018-09-13 12:14:22 -0700
Processing by UsersController#create as HTML
  Parameters: {"user"=>{"email"=>"tylerthomasallen@gmail.com", "password"=>"[FILTERED]"}}
Can't verify CSRF token authenticity.
Completed 422 Unprocessable Entity in 1ms (ActiveRecord: 0.0ms)



ActionController::InvalidAuthenticityToken - ActionController::InvalidAuthenticityToken:

Started POST "/__better_errors/81d58a31285bcf4c/variables" for 127.0.0.1 at 2018-09-13 12:14:22 -0700
Started GET "/" for 127.0.0.1 at 2018-09-13 12:15:05 -0700
  [1m[35m (0.8ms)[0m  [1m[34mSELECT "schema_migrations"."version" FROM "schema_migrations" ORDER BY "schema_migrations"."version" ASC[0m
  ↳ /Users/tylerallen/.rbenv/versions/2.3.1/lib/ruby/gems/2.3.0/gems/activerecord-5.2.1/lib/active_record/log_subscriber.rb:98
Processing by Rails::WelcomeController#index as HTML
  Rendering /Users/tylerallen/.rbenv/versions/2.3.1/lib/ruby/gems/2.3.0/gems/railties-5.2.1/lib/rails/templates/rails/welcome/index.html.erb
  Rendered /Users/tylerallen/.rbenv/versions/2.3.1/lib/ruby/gems/2.3.0/gems/railties-5.2.1/lib/rails/templates/rails/welcome/index.html.erb (2.9ms)
Completed 200 OK in 19ms (Views: 8.0ms | ActiveRecord: 0.0ms)


Started GET "/users/new" for 127.0.0.1 at 2018-09-13 12:15:11 -0700
Processing by UsersController#new as HTML
  Rendering users/new.html.erb within layouts/application
  Rendered users/new.html.erb within layouts/application (0.5ms)
Completed 200 OK in 170ms (Views: 146.3ms | ActiveRecord: 7.2ms)


Started POST "/users" for 127.0.0.1 at 2018-09-13 12:15:24 -0700
Processing by UsersController#create as HTML
  Parameters: {"authenticity_token"=>"xy5cPI1hY794NNHNtrWbgazQ6BAT2YpuCBOtrf9aX6dDwfxiEHyjL+sKQcAqnMc0TVy3QVjRf+kNzyPh2mDeYw==", "user"=>{"email"=>"tyler", "password"=>"[FILTERED]"}}
  [1m[36mUser Load (0.6ms)[0m  [1m[34mSELECT  "users".* FROM "users" WHERE "users"."email" = $1 LIMIT $2[0m  [["email", "tyler"], ["LIMIT", 1]]
  ↳ app/models/user.rb:12
Completed 500 Internal Server Error in 5ms (ActiveRecord: 0.8ms)



NoMethodError - undefined method `save' for nil:NilClass:
  app/controllers/users_controller.rb:11:in `create'

Started POST "/__better_errors/f038fa130bcc1ca7/variables" for 127.0.0.1 at 2018-09-13 12:15:24 -0700
Started GET "/" for 127.0.0.1 at 2018-09-13 16:06:18 -0700
  [1m[35m (1.8ms)[0m  [1m[34mSELECT "schema_migrations"."version" FROM "schema_migrations" ORDER BY "schema_migrations"."version" ASC[0m
  ↳ /Users/tylerallen/.rbenv/versions/2.3.1/lib/ruby/gems/2.3.0/gems/activerecord-5.2.1/lib/active_record/log_subscriber.rb:98
Processing by Rails::WelcomeController#index as HTML
  Rendering /Users/tylerallen/.rbenv/versions/2.3.1/lib/ruby/gems/2.3.0/gems/railties-5.2.1/lib/rails/templates/rails/welcome/index.html.erb
  Rendered /Users/tylerallen/.rbenv/versions/2.3.1/lib/ruby/gems/2.3.0/gems/railties-5.2.1/lib/rails/templates/rails/welcome/index.html.erb (2.6ms)
Completed 200 OK in 16ms (Views: 7.3ms | ActiveRecord: 0.0ms)


Started GET "/new" for 127.0.0.1 at 2018-09-13 16:06:21 -0700
  
ActionController::RoutingError (No route matches [GET] "/new"):
  
actionpack (5.2.1) lib/action_dispatch/middleware/debug_exceptions.rb:65:in `call'
web-console (3.7.0) lib/web_console/middleware.rb:135:in `call_app'
web-console (3.7.0) lib/web_console/middleware.rb:30:in `block in call'
web-console (3.7.0) lib/web_console/middleware.rb:20:in `catch'
web-console (3.7.0) lib/web_console/middleware.rb:20:in `call'
actionpack (5.2.1) lib/action_dispatch/middleware/show_exceptions.rb:33:in `call'
railties (5.2.1) lib/rails/rack/logger.rb:38:in `call_app'
railties (5.2.1) lib/rails/rack/logger.rb:26:in `block in call'
activesupport (5.2.1) lib/active_support/tagged_logging.rb:71:in `block in tagged'
activesupport (5.2.1) lib/active_support/tagged_logging.rb:28:in `tagged'
activesupport (5.2.1) lib/active_support/tagged_logging.rb:71:in `tagged'
railties (5.2.1) lib/rails/rack/logger.rb:26:in `call'
sprockets-rails (3.2.1) lib/sprockets/rails/quiet_assets.rb:13:in `call'
actionpack (5.2.1) lib/action_dispatch/middleware/remote_ip.rb:81:in `call'
actionpack (5.2.1) lib/action_dispatch/middleware/request_id.rb:27:in `call'
rack (2.0.5) lib/rack/method_override.rb:22:in `call'
rack (2.0.5) lib/rack/runtime.rb:22:in `call'
activesupport (5.2.1) lib/active_support/cache/strategy/local_cache_middleware.rb:29:in `call'
actionpack (5.2.1) lib/action_dispatch/middleware/executor.rb:14:in `call'
actionpack (5.2.1) lib/action_dispatch/middleware/static.rb:127:in `call'
rack (2.0.5) lib/rack/sendfile.rb:111:in `call'
railties (5.2.1) lib/rails/engine.rb:524:in `call'
puma (3.12.0) lib/puma/configuration.rb:225:in `call'
puma (3.12.0) lib/puma/server.rb:658:in `handle_request'
puma (3.12.0) lib/puma/server.rb:472:in `process_client'
puma (3.12.0) lib/puma/server.rb:332:in `block in run'
puma (3.12.0) lib/puma/thread_pool.rb:133:in `block in spawn_thread'
Started GET "/users" for 127.0.0.1 at 2018-09-13 16:06:34 -0700
  
ActionController::RoutingError (No route matches [GET] "/users"):
  
actionpack (5.2.1) lib/action_dispatch/middleware/debug_exceptions.rb:65:in `call'
web-console (3.7.0) lib/web_console/middleware.rb:135:in `call_app'
web-console (3.7.0) lib/web_console/middleware.rb:30:in `block in call'
web-console (3.7.0) lib/web_console/middleware.rb:20:in `catch'
web-console (3.7.0) lib/web_console/middleware.rb:20:in `call'
actionpack (5.2.1) lib/action_dispatch/middleware/show_exceptions.rb:33:in `call'
railties (5.2.1) lib/rails/rack/logger.rb:38:in `call_app'
railties (5.2.1) lib/rails/rack/logger.rb:26:in `block in call'
activesupport (5.2.1) lib/active_support/tagged_logging.rb:71:in `block in tagged'
activesupport (5.2.1) lib/active_support/tagged_logging.rb:28:in `tagged'
activesupport (5.2.1) lib/active_support/tagged_logging.rb:71:in `tagged'
railties (5.2.1) lib/rails/rack/logger.rb:26:in `call'
sprockets-rails (3.2.1) lib/sprockets/rails/quiet_assets.rb:13:in `call'
actionpack (5.2.1) lib/action_dispatch/middleware/remote_ip.rb:81:in `call'
actionpack (5.2.1) lib/action_dispatch/middleware/request_id.rb:27:in `call'
rack (2.0.5) lib/rack/method_override.rb:22:in `call'
rack (2.0.5) lib/rack/runtime.rb:22:in `call'
activesupport (5.2.1) lib/active_support/cache/strategy/local_cache_middleware.rb:29:in `call'
actionpack (5.2.1) lib/action_dispatch/middleware/executor.rb:14:in `call'
actionpack (5.2.1) lib/action_dispatch/middleware/static.rb:127:in `call'
rack (2.0.5) lib/rack/sendfile.rb:111:in `call'
railties (5.2.1) lib/rails/engine.rb:524:in `call'
puma (3.12.0) lib/puma/configuration.rb:225:in `call'
puma (3.12.0) lib/puma/server.rb:658:in `handle_request'
puma (3.12.0) lib/puma/server.rb:472:in `process_client'
puma (3.12.0) lib/puma/server.rb:332:in `block in run'
puma (3.12.0) lib/puma/thread_pool.rb:133:in `block in spawn_thread'
Started GET "/users/new" for 127.0.0.1 at 2018-09-13 16:06:37 -0700
Processing by UsersController#new as HTML
  Rendering users/new.html.erb within layouts/application
  Rendered users/new.html.erb within layouts/application (0.4ms)
Completed 200 OK in 139ms (Views: 128.1ms | ActiveRecord: 5.3ms)


Started POST "/users" for 127.0.0.1 at 2018-09-13 16:06:43 -0700
Processing by UsersController#create as HTML
  Parameters: {"authenticity_token"=>"gJ17SDlCw9lQ1zpEL90yXsm617fW3Kded3mQsxY062UEctsWpF8DScPpqkmz9G7rKDaI5p3UUtlypR7/Mw5qoQ==", "user"=>{"email"=>"tylerthomasallen@gmail.com", "password"=>"[FILTERED]"}}
  [1m[36mUser Load (0.5ms)[0m  [1m[34mSELECT  "users".* FROM "users" WHERE "users"."email" = $1 LIMIT $2[0m  [["email", "tylerthomasallen@gmail.com"], ["LIMIT", 1]]
  ↳ app/models/user.rb:12
Completed 500 Internal Server Error in 5ms (ActiveRecord: 0.7ms)



NoMethodError - undefined method `save' for nil:NilClass:
  app/controllers/users_controller.rb:11:in `create'

Started POST "/__better_errors/5ae5701562747a91/variables" for 127.0.0.1 at 2018-09-13 16:06:43 -0700
Started POST "/users" for 127.0.0.1 at 2018-09-13 16:07:45 -0700
Processing by UsersController#create as HTML
  Parameters: {"authenticity_token"=>"gJ17SDlCw9lQ1zpEL90yXsm617fW3Kded3mQsxY062UEctsWpF8DScPpqkmz9G7rKDaI5p3UUtlypR7/Mw5qoQ==", "user"=>{"email"=>"tylerthomasallen@gmail.com", "password"=>"[FILTERED]"}}
Completed 500 Internal Server Error in 17ms (ActiveRecord: 7.7ms)



NameError - uninitialized constant User::BCrypt:
  app/models/user.rb:18:in `password='
  app/controllers/users_controller.rb:9:in `create'

Started POST "/__better_errors/db1dd89387b66e36/variables" for 127.0.0.1 at 2018-09-13 16:07:46 -0700
Started POST "/__better_errors/db1dd89387b66e36/variables" for 127.0.0.1 at 2018-09-13 16:08:34 -0700
Started POST "/users" for 127.0.0.1 at 2018-09-13 16:10:18 -0700
Processing by UsersController#create as HTML
  Parameters: {"authenticity_token"=>"gJ17SDlCw9lQ1zpEL90yXsm617fW3Kded3mQsxY062UEctsWpF8DScPpqkmz9G7rKDaI5p3UUtlypR7/Mw5qoQ==", "user"=>{"email"=>"tylerthomasallen@gmail.com", "password"=>"[FILTERED]"}}
Completed 500 Internal Server Error in 12ms (ActiveRecord: 4.2ms)



NameError - uninitialized constant User::BCrypt:
  app/models/user.rb:18:in `password='
  app/controllers/users_controller.rb:9:in `create'

Started POST "/__better_errors/e4a0e775a27730ab/variables" for 127.0.0.1 at 2018-09-13 16:10:18 -0700
Started GET "/" for 127.0.0.1 at 2018-09-13 16:11:09 -0700
  [1m[35m (0.6ms)[0m  [1m[34mSELECT "schema_migrations"."version" FROM "schema_migrations" ORDER BY "schema_migrations"."version" ASC[0m
  ↳ /Users/tylerallen/.rbenv/versions/2.3.1/lib/ruby/gems/2.3.0/gems/activerecord-5.2.1/lib/active_record/log_subscriber.rb:98
Processing by Rails::WelcomeController#index as HTML
  Rendering /Users/tylerallen/.rbenv/versions/2.3.1/lib/ruby/gems/2.3.0/gems/railties-5.2.1/lib/rails/templates/rails/welcome/index.html.erb
  Rendered /Users/tylerallen/.rbenv/versions/2.3.1/lib/ruby/gems/2.3.0/gems/railties-5.2.1/lib/rails/templates/rails/welcome/index.html.erb (2.3ms)
Completed 200 OK in 14ms (Views: 5.8ms | ActiveRecord: 0.0ms)


Started GET "/users" for 127.0.0.1 at 2018-09-13 16:11:12 -0700
  
ActionController::RoutingError (No route matches [GET] "/users"):
  
actionpack (5.2.1) lib/action_dispatch/middleware/debug_exceptions.rb:65:in `call'
web-console (3.7.0) lib/web_console/middleware.rb:135:in `call_app'
web-console (3.7.0) lib/web_console/middleware.rb:30:in `block in call'
web-console (3.7.0) lib/web_console/middleware.rb:20:in `catch'
web-console (3.7.0) lib/web_console/middleware.rb:20:in `call'
actionpack (5.2.1) lib/action_dispatch/middleware/show_exceptions.rb:33:in `call'
railties (5.2.1) lib/rails/rack/logger.rb:38:in `call_app'
railties (5.2.1) lib/rails/rack/logger.rb:26:in `block in call'
activesupport (5.2.1) lib/active_support/tagged_logging.rb:71:in `block in tagged'
activesupport (5.2.1) lib/active_support/tagged_logging.rb:28:in `tagged'
activesupport (5.2.1) lib/active_support/tagged_logging.rb:71:in `tagged'
railties (5.2.1) lib/rails/rack/logger.rb:26:in `call'
sprockets-rails (3.2.1) lib/sprockets/rails/quiet_assets.rb:13:in `call'
actionpack (5.2.1) lib/action_dispatch/middleware/remote_ip.rb:81:in `call'
actionpack (5.2.1) lib/action_dispatch/middleware/request_id.rb:27:in `call'
rack (2.0.5) lib/rack/method_override.rb:22:in `call'
rack (2.0.5) lib/rack/runtime.rb:22:in `call'
activesupport (5.2.1) lib/active_support/cache/strategy/local_cache_middleware.rb:29:in `call'
actionpack (5.2.1) lib/action_dispatch/middleware/executor.rb:14:in `call'
actionpack (5.2.1) lib/action_dispatch/middleware/static.rb:127:in `call'
rack (2.0.5) lib/rack/sendfile.rb:111:in `call'
railties (5.2.1) lib/rails/engine.rb:524:in `call'
puma (3.12.0) lib/puma/configuration.rb:225:in `call'
puma (3.12.0) lib/puma/server.rb:658:in `handle_request'
puma (3.12.0) lib/puma/server.rb:472:in `process_client'
puma (3.12.0) lib/puma/server.rb:332:in `block in run'
puma (3.12.0) lib/puma/thread_pool.rb:133:in `block in spawn_thread'
Started GET "/users/new" for 127.0.0.1 at 2018-09-13 16:11:15 -0700
Processing by UsersController#new as HTML
  Rendering users/new.html.erb within layouts/application
  Rendered users/new.html.erb within layouts/application (0.5ms)
Completed 200 OK in 145ms (Views: 131.9ms | ActiveRecord: 7.6ms)


Started POST "/users" for 127.0.0.1 at 2018-09-13 16:11:21 -0700
Processing by UsersController#create as HTML
  Parameters: {"authenticity_token"=>"l+VAo2b3idpJPNg1FA8qtr32hKQ+c7s3Dv4VCKOxFH4TCuD9++pJStoCSDiIJnYDXHrb9XV7TrALIptEhouVug==", "user"=>{"email"=>"tylerthomasallen@gmail.com", "password"=>"[FILTERED]"}}
  [1m[35m (0.1ms)[0m  [1m[35mBEGIN[0m
  ↳ app/controllers/users_controller.rb:12
  [1m[36mUser Exists (0.8ms)[0m  [1m[34mSELECT  1 AS one FROM "users" WHERE "users"."email" = $1 LIMIT $2[0m  [["email", "tylerthomasallen@gmail.com"], ["LIMIT", 1]]
  ↳ app/controllers/users_controller.rb:12
  [1m[36mUser Create (2.1ms)[0m  [1m[32mINSERT INTO "users" ("email", "password_digest", "session_token") VALUES ($1, $2, $3) RETURNING "id"[0m  [["email", "tylerthomasallen@gmail.com"], ["password_digest", "$2a$10$iS2ooDWjK47qnDh8HPM1AOhGrJLolSKkbjcFS61tM7K0VkaeKRPkO"], ["session_token", "NJ6CKWPXKfGtVWMf_cDCTA"]]
  ↳ app/controllers/users_controller.rb:12
  [1m[35m (0.4ms)[0m  [1m[35mCOMMIT[0m
  ↳ app/controllers/users_controller.rb:12
  [1m[35m (0.1ms)[0m  [1m[35mBEGIN[0m
  ↳ app/models/user.rb:23
  [1m[36mUser Exists (0.3ms)[0m  [1m[34mSELECT  1 AS one FROM "users" WHERE "users"."email" = $1 AND "users"."id" != $2 LIMIT $3[0m  [["email", "tylerthomasallen@gmail.com"], ["id", 1], ["LIMIT", 1]]
  ↳ app/models/user.rb:23
  [1m[36mUser Update (0.3ms)[0m  [1m[33mUPDATE "users" SET "session_token" = $1 WHERE "users"."id" = $2[0m  [["session_token", "ABAKTLKRBjqGg4nHQD-ylQ"], ["id", 1]]
  ↳ app/models/user.rb:23
  [1m[35m (0.3ms)[0m  [1m[35mCOMMIT[0m
  ↳ app/models/user.rb:23
Redirected to http://0.0.0.0:3000/users/1
Completed 302 Found in 63ms (ActiveRecord: 4.5ms)


Started GET "/users/1" for 127.0.0.1 at 2018-09-13 16:11:21 -0700
Processing by UsersController#show as HTML
  Parameters: {"id"=>"1"}
  [1m[36mUser Load (0.2ms)[0m  [1m[34mSELECT  "users".* FROM "users" WHERE "users"."session_token" = $1 LIMIT $2[0m  [["session_token", "ABAKTLKRBjqGg4nHQD-ylQ"], ["LIMIT", 1]]
  ↳ app/controllers/application_controller.rb:9
Completed 500 Internal Server Error in 5ms (ActiveRecord: 0.3ms)



ActionView::MissingTemplate - Missing template users/show, application/show with {:locale=>[:en], :formats=>[:html], :variants=>[], :handlers=>[:raw, :erb, :html, :builder, :ruby, :coffee, :jbuilder]}. Searched in:
  * "/Users/tylerallen/Desktop/W4D4/MusicApp/app/views"
:
  app/controllers/users_controller.rb:23:in `show'

Started POST "/__better_errors/aa85a20d5c843485/variables" for 127.0.0.1 at 2018-09-13 16:11:21 -0700
Started GET "/users/1" for 127.0.0.1 at 2018-09-13 16:12:32 -0700
Processing by UsersController#show as HTML
  Parameters: {"id"=>"1"}
  [1m[36mUser Load (0.5ms)[0m  [1m[34mSELECT  "users".* FROM "users" WHERE "users"."session_token" = $1 LIMIT $2[0m  [["session_token", "ABAKTLKRBjqGg4nHQD-ylQ"], ["LIMIT", 1]]
  ↳ app/controllers/application_controller.rb:9
  Rendering users/show.html.erb within layouts/application
  Rendered users/show.html.erb within layouts/application (0.3ms)
Completed 200 OK in 22ms (Views: 20.4ms | ActiveRecord: 0.5ms)


Started GET "/users/1" for 127.0.0.1 at 2018-09-13 16:13:54 -0700
Processing by UsersController#show as HTML
  Parameters: {"id"=>"1"}
  [1m[36mUser Load (0.3ms)[0m  [1m[34mSELECT  "users".* FROM "users" WHERE "users"."session_token" = $1 LIMIT $2[0m  [["session_token", "ABAKTLKRBjqGg4nHQD-ylQ"], ["LIMIT", 1]]
  ↳ app/controllers/application_controller.rb:9
  Rendering users/show.html.erb within layouts/application
  Rendered users/show.html.erb within layouts/application (0.3ms)
Completed 200 OK in 22ms (Views: 20.5ms | ActiveRecord: 0.3ms)


Started GET "/users/1" for 127.0.0.1 at 2018-09-13 16:14:13 -0700
Processing by UsersController#show as HTML
  Parameters: {"id"=>"1"}
  [1m[36mUser Load (0.3ms)[0m  [1m[34mSELECT  "users".* FROM "users" WHERE "users"."session_token" = $1 LIMIT $2[0m  [["session_token", "ABAKTLKRBjqGg4nHQD-ylQ"], ["LIMIT", 1]]
  ↳ app/controllers/application_controller.rb:9
  Rendering users/show.html.erb within layouts/application
  Rendered users/show.html.erb within layouts/application (0.3ms)
Completed 200 OK in 20ms (Views: 19.0ms | ActiveRecord: 0.3ms)


Started GET "/users/1" for 127.0.0.1 at 2018-09-13 16:14:45 -0700
Processing by UsersController#show as HTML
  Parameters: {"id"=>"1"}
  [1m[36mUser Load (0.3ms)[0m  [1m[34mSELECT  "users".* FROM "users" WHERE "users"."session_token" = $1 LIMIT $2[0m  [["session_token", "ABAKTLKRBjqGg4nHQD-ylQ"], ["LIMIT", 1]]
  ↳ app/controllers/application_controller.rb:9
  Rendering users/show.html.erb within layouts/application
  Rendered users/show.html.erb within layouts/application (0.3ms)
Completed 200 OK in 18ms (Views: 16.7ms | ActiveRecord: 0.3ms)


Started GET "/users" for 127.0.0.1 at 2018-09-13 16:15:11 -0700
  
ActionController::RoutingError (No route matches [GET] "/users"):
  
actionpack (5.2.1) lib/action_dispatch/middleware/debug_exceptions.rb:65:in `call'
web-console (3.7.0) lib/web_console/middleware.rb:135:in `call_app'
web-console (3.7.0) lib/web_console/middleware.rb:30:in `block in call'
web-console (3.7.0) lib/web_console/middleware.rb:20:in `catch'
web-console (3.7.0) lib/web_console/middleware.rb:20:in `call'
actionpack (5.2.1) lib/action_dispatch/middleware/show_exceptions.rb:33:in `call'
railties (5.2.1) lib/rails/rack/logger.rb:38:in `call_app'
railties (5.2.1) lib/rails/rack/logger.rb:26:in `block in call'
activesupport (5.2.1) lib/active_support/tagged_logging.rb:71:in `block in tagged'
activesupport (5.2.1) lib/active_support/tagged_logging.rb:28:in `tagged'
activesupport (5.2.1) lib/active_support/tagged_logging.rb:71:in `tagged'
railties (5.2.1) lib/rails/rack/logger.rb:26:in `call'
sprockets-rails (3.2.1) lib/sprockets/rails/quiet_assets.rb:13:in `call'
actionpack (5.2.1) lib/action_dispatch/middleware/remote_ip.rb:81:in `call'
actionpack (5.2.1) lib/action_dispatch/middleware/request_id.rb:27:in `call'
rack (2.0.5) lib/rack/method_override.rb:22:in `call'
rack (2.0.5) lib/rack/runtime.rb:22:in `call'
activesupport (5.2.1) lib/active_support/cache/strategy/local_cache_middleware.rb:29:in `call'
actionpack (5.2.1) lib/action_dispatch/middleware/executor.rb:14:in `call'
actionpack (5.2.1) lib/action_dispatch/middleware/static.rb:127:in `call'
rack (2.0.5) lib/rack/sendfile.rb:111:in `call'
railties (5.2.1) lib/rails/engine.rb:524:in `call'
puma (3.12.0) lib/puma/configuration.rb:225:in `call'
puma (3.12.0) lib/puma/server.rb:658:in `handle_request'
puma (3.12.0) lib/puma/server.rb:472:in `process_client'
puma (3.12.0) lib/puma/server.rb:332:in `block in run'
puma (3.12.0) lib/puma/thread_pool.rb:133:in `block in spawn_thread'
Started GET "/users/new" for 127.0.0.1 at 2018-09-13 16:15:14 -0700
Processing by UsersController#new as HTML
  Rendering users/new.html.erb within layouts/application
  Rendered users/new.html.erb within layouts/application (0.4ms)
Completed 200 OK in 22ms (Views: 21.2ms | ActiveRecord: 0.0ms)


Started GET "/users/new" for 127.0.0.1 at 2018-09-13 16:15:41 -0700
Processing by UsersController#new as HTML
  Rendering users/new.html.erb within layouts/application
  Rendered users/new.html.erb within layouts/application (0.6ms)
Completed 200 OK in 26ms (Views: 25.4ms | ActiveRecord: 0.0ms)


Started GET "/users/new" for 127.0.0.1 at 2018-09-13 16:16:01 -0700
Processing by UsersController#new as HTML
  Rendering users/new.html.erb within layouts/application
  Rendered users/new.html.erb within layouts/application (0.5ms)
Completed 200 OK in 25ms (Views: 24.1ms | ActiveRecord: 0.0ms)


Started GET "/users/new" for 127.0.0.1 at 2018-09-13 16:16:41 -0700
Processing by UsersController#new as HTML
  Rendering users/new.html.erb within layouts/application
  Rendered users/new.html.erb within layouts/application (0.4ms)
Completed 200 OK in 27ms (Views: 26.1ms | ActiveRecord: 0.0ms)


Started GET "/users/new" for 127.0.0.1 at 2018-09-13 16:16:55 -0700
Processing by UsersController#new as HTML
  Rendering users/new.html.erb within layouts/application
  Rendered users/new.html.erb within layouts/application (0.6ms)
Completed 200 OK in 18ms (Views: 17.8ms | ActiveRecord: 0.0ms)


Started GET "/users/new" for 127.0.0.1 at 2018-09-13 16:17:07 -0700
Processing by UsersController#new as HTML
  Rendering users/new.html.erb within layouts/application
  Rendered users/new.html.erb within layouts/application (0.5ms)
Completed 200 OK in 18ms (Views: 17.9ms | ActiveRecord: 0.0ms)


Started GET "/users/new" for 127.0.0.1 at 2018-09-13 16:17:18 -0700
Processing by UsersController#new as HTML
  Rendering users/new.html.erb within layouts/application
  Rendered users/new.html.erb within layouts/application (0.4ms)
Completed 200 OK in 17ms (Views: 16.8ms | ActiveRecord: 0.0ms)


Started GET "/users/new" for 127.0.0.1 at 2018-09-13 16:17:51 -0700
Processing by UsersController#new as HTML
  Rendering users/new.html.erb within layouts/application
  Rendered users/new.html.erb within layouts/application (0.5ms)
Completed 200 OK in 21ms (Views: 20.0ms | ActiveRecord: 0.0ms)


Started GET "/users/new" for 127.0.0.1 at 2018-09-13 16:17:52 -0700
Processing by UsersController#new as HTML
  Rendering users/new.html.erb within layouts/application
  Rendered users/new.html.erb within layouts/application (0.4ms)
Completed 200 OK in 17ms (Views: 16.2ms | ActiveRecord: 0.0ms)


Started GET "/users/new" for 127.0.0.1 at 2018-09-13 16:19:13 -0700
Processing by UsersController#new as HTML
  Rendering users/new.html.erb within layouts/application
  Rendered users/new.html.erb within layouts/application (0.5ms)
Completed 200 OK in 18ms (Views: 17.4ms | ActiveRecord: 0.0ms)


Started GET "/users/new" for 127.0.0.1 at 2018-09-13 16:19:33 -0700
Processing by UsersController#new as HTML
  Rendering users/new.html.erb within layouts/application
  Rendered users/new.html.erb within layouts/application (0.4ms)
Completed 200 OK in 17ms (Views: 16.7ms | ActiveRecord: 0.0ms)


Started GET "/users/new" for 127.0.0.1 at 2018-09-13 16:19:41 -0700
Processing by UsersController#new as HTML
  Rendering users/new.html.erb within layouts/application
  Rendered users/new.html.erb within layouts/application (0.4ms)
Completed 200 OK in 18ms (Views: 17.8ms | ActiveRecord: 0.0ms)


Started GET "/users/new" for 127.0.0.1 at 2018-09-13 16:20:04 -0700
Processing by UsersController#new as HTML
  Rendering users/new.html.erb within layouts/application
  Rendered users/new.html.erb within layouts/application (0.4ms)
Completed 200 OK in 18ms (Views: 18.0ms | ActiveRecord: 0.0ms)


Started GET "/users/new" for 127.0.0.1 at 2018-09-13 16:20:05 -0700
Processing by UsersController#new as HTML
  Rendering users/new.html.erb within layouts/application
  Rendered users/new.html.erb within layouts/application (0.6ms)
Completed 200 OK in 19ms (Views: 18.9ms | ActiveRecord: 0.0ms)


Started GET "/users/new" for 127.0.0.1 at 2018-09-13 16:20:10 -0700
Processing by UsersController#new as HTML
  Rendering users/new.html.erb within layouts/application
  Rendered users/new.html.erb within layouts/application (0.4ms)
Completed 200 OK in 18ms (Views: 17.5ms | ActiveRecord: 0.0ms)


Started GET "/users/new" for 127.0.0.1 at 2018-09-13 16:20:17 -0700
Processing by UsersController#new as HTML
  Rendering users/new.html.erb within layouts/application
  Rendered users/new.html.erb within layouts/application (0.5ms)
Completed 200 OK in 18ms (Views: 17.8ms | ActiveRecord: 0.0ms)


Started GET "/users/new" for 127.0.0.1 at 2018-09-13 16:20:25 -0700
Processing by UsersController#new as HTML
  Rendering users/new.html.erb within layouts/application
  Rendered users/new.html.erb within layouts/application (0.4ms)
Completed 200 OK in 17ms (Views: 16.8ms | ActiveRecord: 0.0ms)


Started GET "/users/new" for 127.0.0.1 at 2018-09-13 16:20:33 -0700
Processing by UsersController#new as HTML
  Rendering users/new.html.erb within layouts/application
  Rendered users/new.html.erb within layouts/application (0.4ms)
Completed 200 OK in 18ms (Views: 17.9ms | ActiveRecord: 0.0ms)


Started GET "/users/new" for 127.0.0.1 at 2018-09-13 16:21:20 -0700
Processing by UsersController#new as HTML
  Rendering users/new.html.erb within layouts/application
  Rendered users/new.html.erb within layouts/application (0.4ms)
Completed 200 OK in 18ms (Views: 17.3ms | ActiveRecord: 0.0ms)


Started GET "/users/new" for 127.0.0.1 at 2018-09-13 16:21:28 -0700
Processing by UsersController#new as HTML
  Rendering users/new.html.erb within layouts/application
  Rendered users/new.html.erb within layouts/application (0.4ms)
Completed 200 OK in 18ms (Views: 17.2ms | ActiveRecord: 0.0ms)


Started GET "/users/new" for 127.0.0.1 at 2018-09-13 16:22:14 -0700
Processing by UsersController#new as HTML
  Rendering users/new.html.erb within layouts/application
  Rendered users/new.html.erb within layouts/application (0.5ms)
Completed 200 OK in 18ms (Views: 18.0ms | ActiveRecord: 0.0ms)


Started GET "/users/new" for 127.0.0.1 at 2018-09-13 16:22:25 -0700
Processing by UsersController#new as HTML
  Rendering users/new.html.erb within layouts/application
  Rendered users/new.html.erb within layouts/application (0.4ms)
Completed 200 OK in 19ms (Views: 18.2ms | ActiveRecord: 0.0ms)


Started GET "/users/new" for 127.0.0.1 at 2018-09-13 16:22:42 -0700
Processing by UsersController#new as HTML
  Rendering users/new.html.erb within layouts/application
  Rendered users/new.html.erb within layouts/application (0.5ms)
Completed 200 OK in 17ms (Views: 16.9ms | ActiveRecord: 0.0ms)


Started GET "/users/new" for 127.0.0.1 at 2018-09-13 16:22:58 -0700
Processing by UsersController#new as HTML
  Rendering users/new.html.erb within layouts/application
  Rendered users/new.html.erb within layouts/application (0.5ms)
Completed 200 OK in 19ms (Views: 18.1ms | ActiveRecord: 0.0ms)


Started GET "/users/new" for 127.0.0.1 at 2018-09-13 16:23:09 -0700
Processing by UsersController#new as HTML
  Rendering users/new.html.erb within layouts/application
  Rendered users/new.html.erb within layouts/application (0.5ms)
Completed 200 OK in 18ms (Views: 17.4ms | ActiveRecord: 0.0ms)


Started GET "/users/new" for 127.0.0.1 at 2018-09-13 16:23:16 -0700
Processing by UsersController#new as HTML
  Rendering users/new.html.erb within layouts/application
  Rendered users/new.html.erb within layouts/application (0.4ms)
Completed 200 OK in 18ms (Views: 17.1ms | ActiveRecord: 0.0ms)


Started GET "/users/new" for 127.0.0.1 at 2018-09-13 16:23:26 -0700
Processing by UsersController#new as HTML
  Rendering users/new.html.erb within layouts/application
  Rendered users/new.html.erb within layouts/application (0.4ms)
Completed 200 OK in 18ms (Views: 17.7ms | ActiveRecord: 0.0ms)


Started GET "/users/new" for 127.0.0.1 at 2018-09-13 16:23:48 -0700
Processing by UsersController#new as HTML
  Rendering users/new.html.erb within layouts/application
  Rendered users/new.html.erb within layouts/application (0.5ms)
Completed 200 OK in 19ms (Views: 18.1ms | ActiveRecord: 0.0ms)


Started GET "/users/new" for 127.0.0.1 at 2018-09-13 16:24:29 -0700
Processing by UsersController#new as HTML
  Rendering users/new.html.erb within layouts/application
  Rendered users/new.html.erb within layouts/application (0.5ms)
Completed 200 OK in 18ms (Views: 17.8ms | ActiveRecord: 0.0ms)


Started GET "/users/new" for 127.0.0.1 at 2018-09-13 16:24:29 -0700
Processing by UsersController#new as HTML
  Rendering users/new.html.erb within layouts/application
  Rendered users/new.html.erb within layouts/application (0.5ms)
Completed 200 OK in 18ms (Views: 17.7ms | ActiveRecord: 0.0ms)


Started GET "/users/new" for 127.0.0.1 at 2018-09-13 16:24:30 -0700
Processing by UsersController#new as HTML
  Rendering users/new.html.erb within layouts/application
  Rendered users/new.html.erb within layouts/application (0.4ms)
Completed 200 OK in 18ms (Views: 17.2ms | ActiveRecord: 0.0ms)


Started GET "/users/new" for 127.0.0.1 at 2018-09-13 16:25:01 -0700
Processing by UsersController#new as HTML
  Rendering users/new.html.erb within layouts/application
  Rendered users/new.html.erb within layouts/application (0.4ms)
Completed 200 OK in 19ms (Views: 18.5ms | ActiveRecord: 0.0ms)


Started GET "/users/new" for 127.0.0.1 at 2018-09-13 16:25:14 -0700
Processing by UsersController#new as HTML
  Rendering users/new.html.erb within layouts/application
  Rendered users/new.html.erb within layouts/application (0.4ms)
Completed 200 OK in 18ms (Views: 18.0ms | ActiveRecord: 0.0ms)


Started GET "/users/new" for 127.0.0.1 at 2018-09-13 16:25:27 -0700
Processing by UsersController#new as HTML
  Rendering users/new.html.erb within layouts/application
  Rendered users/new.html.erb within layouts/application (0.4ms)
Completed 200 OK in 18ms (Views: 17.6ms | ActiveRecord: 0.0ms)


Started GET "/users/new" for 127.0.0.1 at 2018-09-13 16:25:33 -0700
Processing by UsersController#new as HTML
  Rendering users/new.html.erb within layouts/application
  Rendered users/new.html.erb within layouts/application (0.4ms)
Completed 200 OK in 18ms (Views: 17.7ms | ActiveRecord: 0.0ms)


Started GET "/users/new" for 127.0.0.1 at 2018-09-13 16:25:41 -0700
Processing by UsersController#new as HTML
  Rendering users/new.html.erb within layouts/application
  Rendered users/new.html.erb within layouts/application (0.4ms)
Completed 200 OK in 18ms (Views: 17.7ms | ActiveRecord: 0.0ms)


Started GET "/users/new" for 127.0.0.1 at 2018-09-13 16:25:53 -0700
Processing by UsersController#new as HTML
  Rendering users/new.html.erb within layouts/application
  Rendered users/new.html.erb within layouts/application (0.5ms)
Completed 200 OK in 19ms (Views: 18.3ms | ActiveRecord: 0.0ms)


Started GET "/users/new" for 127.0.0.1 at 2018-09-13 16:26:05 -0700
Processing by UsersController#new as HTML
  Rendering users/new.html.erb within layouts/application
  Rendered users/new.html.erb within layouts/application (0.5ms)
Completed 200 OK in 25ms (Views: 24.9ms | ActiveRecord: 0.0ms)


Started POST "/users" for 127.0.0.1 at 2018-09-13 16:26:48 -0700
Processing by UsersController#create as HTML
  Parameters: {"authenticity_token"=>"E3Owuw3mTQ/WRRnZpUAdlEfJZXy99lqUW4nuMAtgrdyXnBDlkPuNn0V7idQ5aUEhpkU6Lfb+rxNeVWB8LlosGA==", "user"=>{"email"=>"tythomasallen@gmail.com", "password"=>"[FILTERED]"}}
  [1m[35m (0.2ms)[0m  [1m[35mBEGIN[0m
  ↳ app/controllers/users_controller.rb:12
  [1m[36mUser Exists (0.7ms)[0m  [1m[34mSELECT  1 AS one FROM "users" WHERE "users"."email" = $1 LIMIT $2[0m  [["email", "tythomasallen@gmail.com"], ["LIMIT", 1]]
  ↳ app/controllers/users_controller.rb:12
  [1m[36mUser Create (0.4ms)[0m  [1m[32mINSERT INTO "users" ("email", "password_digest", "session_token") VALUES ($1, $2, $3) RETURNING "id"[0m  [["email", "tythomasallen@gmail.com"], ["password_digest", "$2a$10$d.gYTo6svjcXX7Wiqrbysez5GboQ7esn7RdWw7PAvNHI.HxtPftdS"], ["session_token", "NHVEQ4Z6dfNDQ7C3kvfFxw"]]
  ↳ app/controllers/users_controller.rb:12
  [1m[35m (0.8ms)[0m  [1m[35mCOMMIT[0m
  ↳ app/controllers/users_controller.rb:12
  [1m[35m (0.1ms)[0m  [1m[35mBEGIN[0m
  ↳ app/models/user.rb:23
  [1m[36mUser Exists (0.4ms)[0m  [1m[34mSELECT  1 AS one FROM "users" WHERE "users"."email" = $1 AND "users"."id" != $2 LIMIT $3[0m  [["email", "tythomasallen@gmail.com"], ["id", 2], ["LIMIT", 1]]
  ↳ app/models/user.rb:23
  [1m[36mUser Update (0.3ms)[0m  [1m[33mUPDATE "users" SET "session_token" = $1 WHERE "users"."id" = $2[0m  [["session_token", "MaJZw5shefEdq1j9cQ-XUA"], ["id", 2]]
  ↳ app/models/user.rb:23
  [1m[35m (0.2ms)[0m  [1m[35mCOMMIT[0m
  ↳ app/models/user.rb:23
Redirected to http://0.0.0.0:3000/users/2
Completed 302 Found in 61ms (ActiveRecord: 3.1ms)


Started GET "/users/2" for 127.0.0.1 at 2018-09-13 16:26:48 -0700
Processing by UsersController#show as HTML
  Parameters: {"id"=>"2"}
  [1m[36mUser Load (0.2ms)[0m  [1m[34mSELECT  "users".* FROM "users" WHERE "users"."session_token" = $1 LIMIT $2[0m  [["session_token", "MaJZw5shefEdq1j9cQ-XUA"], ["LIMIT", 1]]
  ↳ app/controllers/application_controller.rb:9
  Rendering users/show.html.erb within layouts/application
  Rendered users/show.html.erb within layouts/application (0.3ms)
Completed 200 OK in 17ms (Views: 15.9ms | ActiveRecord: 0.3ms)


